<?xml version="1.0" encoding="UTF-8"?>
<!-- Generated by org.testng.reporters.JUnitReportReporter -->
<testsuite skipped="0" hostname="Ajith-PC" name="scripts.TestInvalidLogin" tests="1" failures="0" timestamp="13 Oct 2018 04:49:22 GMT" time="14.674" errors="0">
  <testcase name="testInvalidLogin" time="14.674" classname="scripts.TestInvalidLogin"/>
</testsuite> <!-- scripts.TestInvalidLogin -->
